%!Adobe-FontList 1.23
%Locale:0x409

%BeginFont
Handler:DirectoryHandler
FontType:TrueType
FontName:ArialNarrow
FamilyName:Arial
StyleName:Narrow
FullName:Arial Narrow
MenuName:Arial Narrow
StyleBits:0
WritingScript:Roman
OutlineFileName:D:\giadungplus\giadungplus-1\assets\Font\ARIALN.TTF
DataFormat:sfntData
hasSVG:no
hasCOLR:no
VariableFontType:NonVariableFont
FileLength:175956
FileModTime:1692955830
WeightClass:400
WidthClass:3
AngleClass:0
NameArray:0,Mac,4,Arial Narrow
NameArray:0,Win,1,Arial Narrow
NameArray:0,Win,16,Arial
%EndFont

%BeginFont
Handler:DirectoryHandler
FontType:TrueType
FontName:ArialNarrow-Bold
FamilyName:Arial
StyleName:Narrow Bold
FullName:Arial Narrow Bold
MenuName:Arial Narrow
StyleBits:2
WritingScript:Roman
OutlineFileName:D:\giadungplus\giadungplus-1\assets\Font\ARIALNB.TTF
DataFormat:sfntData
hasSVG:no
hasCOLR:no
VariableFontType:NonVariableFont
FileLength:180740
FileModTime:1692955830
WeightClass:700
WidthClass:3
AngleClass:0
NameArray:0,Mac,4,Arial Narrow Bold
NameArray:0,Win,1,Arial Narrow
NameArray:0,Win,16,Arial
%EndFont

%BeginFont
Handler:DirectoryHandler
FontType:TrueType
FontName:ArialNarrow-BoldItalic
FamilyName:Arial
StyleName:Narrow Bold Italic
FullName:Arial Narrow Bold Italic
MenuName:Arial Narrow
StyleBits:3
WritingScript:Roman
OutlineFileName:D:\giadungplus\giadungplus-1\assets\Font\ARIALNBI.TTF
DataFormat:sfntData
hasSVG:no
hasCOLR:no
VariableFontType:NonVariableFont
FileLength:180084
FileModTime:1692955830
WeightClass:700
WidthClass:3
AngleClass:1
NameArray:0,Mac,4,Arial Narrow Bold Italic
NameArray:0,Win,1,Arial Narrow
NameArray:0,Win,16,Arial
%EndFont

%BeginFont
Handler:DirectoryHandler
FontType:TrueType
FontName:ArialNarrow-Italic
FamilyName:Arial
StyleName:Narrow Italic
FullName:Arial Narrow Italic
MenuName:Arial Narrow
StyleBits:1
WritingScript:Roman
OutlineFileName:D:\giadungplus\giadungplus-1\assets\Font\ARIALNI.TTF
DataFormat:sfntData
hasSVG:no
hasCOLR:no
VariableFontType:NonVariableFont
FileLength:181124
FileModTime:1692955830
WeightClass:400
WidthClass:3
AngleClass:1
NameArray:0,Mac,4,Arial Narrow Italic
NameArray:0,Win,1,Arial Narrow
NameArray:0,Win,16,Arial
%EndFont

%BeginFont
Handler:DirectoryHandler
FontType:Invalid
OutlineFileName:D:\giadungplus\giadungplus-1\assets\Font\AvetaStdCY\AvertaStdCY-Bold.woff
FileModTime:1763623544
%EndFont

%BeginFont
Handler:DirectoryHandler
FontType:Invalid
OutlineFileName:D:\giadungplus\giadungplus-1\assets\Font\AvetaStdCY\AvertaStdCY-Bold.woff2
FileModTime:1763623544
%EndFont

%BeginFont
Handler:DirectoryHandler
FontType:Invalid
OutlineFileName:D:\giadungplus\giadungplus-1\assets\Font\AvetaStdCY\AvertaStdCY-Regular.woff
FileModTime:1763623544
%EndFont

%BeginFont
Handler:DirectoryHandler
FontType:Invalid
OutlineFileName:D:\giadungplus\giadungplus-1\assets\Font\AvetaStdCY\AvertaStdCY-Regular.woff2
FileModTime:1763623544
%EndFont

%BeginFont
Handler:DirectoryHandler
FontType:TrueType
FontName:UTMAvo-BoldItalic
FamilyName:UTM Avo
StyleName:Bold Italic
FullName:UTM Avo Bold Italic
MenuName:UTM Avo
StyleBits:3
WritingScript:Roman
OutlineFileName:D:\giadungplus\giadungplus-1\assets\Font\UTM AvoBold_Italic.ttf
DataFormat:sfntData
hasSVG:no
hasCOLR:no
VariableFontType:NonVariableFont
FileLength:41260
FileModTime:1763623544
WeightClass:700
WidthClass:5
AngleClass:1
NameArray:0,Mac,4,UTM Avo Bold Italic
NameArray:0,Win,1,UTM Avo
%EndFont

%BeginFont
Handler:DirectoryHandler
FontType:TrueType
FontName:UTMAvo-Italic
FamilyName:UTM Avo
StyleName:Italic
FullName:UTM Avo Italic
MenuName:UTM Avo
StyleBits:1
WritingScript:Roman
OutlineFileName:D:\giadungplus\giadungplus-1\assets\Font\UTM AvoItalic.ttf
DataFormat:sfntData
hasSVG:no
hasCOLR:no
VariableFontType:NonVariableFont
FileLength:41188
FileModTime:1763623544
WeightClass:400
WidthClass:5
AngleClass:1
NameArray:0,Mac,4,UTM Avo Italic
NameArray:0,Win,1,UTM Avo
%EndFont

%BeginFont
Handler:DirectoryHandler
FontType:TrueType
FontName:UTM-Avo
FamilyName:UTM Avo
StyleName:Regular
FullName:UTM Avo
MenuName:UTM Avo
StyleBits:0
WritingScript:Roman
OutlineFileName:D:\giadungplus\giadungplus-1\assets\Font\UTM_Avo.ttf
DataFormat:sfntData
hasSVG:no
hasCOLR:no
VariableFontType:NonVariableFont
FileLength:39308
FileModTime:1763623544
WeightClass:400
WidthClass:5
AngleClass:0
NameArray:0,Mac,4,UTM Avo
NameArray:0,Win,1,UTM Avo
%EndFont

%BeginFont
Handler:DirectoryHandler
FontType:TrueType
FontName:UTMAvoBold
FamilyName:UTM Avo
StyleName:Bold
FullName:UTMAvoBold
MenuName:UTM Avo
StyleBits:2
WritingScript:Roman
OutlineFileName:D:\giadungplus\giadungplus-1\assets\Font\UTM_AvoBold.ttf
DataFormat:sfntData
hasSVG:no
hasCOLR:no
VariableFontType:NonVariableFont
FileLength:39364
FileModTime:1763623544
WeightClass:700
WidthClass:5
AngleClass:0
NameArray:0,Mac,4,UTMAvoBold
NameArray:0,Win,1,UTM Avo
%EndFont

%BeginFont
Handler:DirectoryHandler
FontType:TrueType
FontName:ArialMT
FamilyName:Arial
StyleName:Regular
FullName:Arial
MenuName:Arial
StyleBits:0
WritingScript:Roman
OutlineFileName:D:\giadungplus\giadungplus-1\assets\Font\arial.ttf
DataFormat:sfntData
hasSVG:no
hasCOLR:no
VariableFontType:NonVariableFont
FileLength:1045960
FileModTime:1651900758
WeightClass:400
WidthClass:5
AngleClass:0
NameArray:0,Mac,4,Arial
NameArray:0,Win,1,Arial
%EndFont

%BeginFont
Handler:DirectoryHandler
FontType:TrueType
FontName:Arial-BoldMT
FamilyName:Arial
StyleName:Bold
FullName:Arial Bold
MenuName:Arial
StyleBits:2
WritingScript:Roman
OutlineFileName:D:\giadungplus\giadungplus-1\assets\Font\arialbd.ttf
DataFormat:sfntData
hasSVG:no
hasCOLR:no
VariableFontType:NonVariableFont
FileLength:990208
FileModTime:1651900758
WeightClass:700
WidthClass:5
AngleClass:0
NameArray:0,Mac,4,Arial Bold
NameArray:0,Win,1,Arial
%EndFont

%BeginFont
Handler:DirectoryHandler
FontType:TrueType
FontName:Arial-BoldItalicMT
FamilyName:Arial
StyleName:Bold Italic
FullName:Arial Bold Italic
MenuName:Arial
StyleBits:3
WritingScript:Roman
OutlineFileName:D:\giadungplus\giadungplus-1\assets\Font\arialbi.ttf
DataFormat:sfntData
hasSVG:no
hasCOLR:no
VariableFontType:NonVariableFont
FileLength:730804
FileModTime:1651900758
WeightClass:700
WidthClass:5
AngleClass:1
NameArray:0,Mac,4,Arial Bold Italic
NameArray:0,Win,1,Arial
%EndFont

%BeginFont
Handler:DirectoryHandler
FontType:TrueType
FontName:Arial-ItalicMT
FamilyName:Arial
StyleName:Italic
FullName:Arial Italic
MenuName:Arial
StyleBits:1
WritingScript:Roman
OutlineFileName:D:\giadungplus\giadungplus-1\assets\Font\ariali.ttf
DataFormat:sfntData
hasSVG:no
hasCOLR:no
VariableFontType:NonVariableFont
FileLength:727152
FileModTime:1651900758
WeightClass:400
WidthClass:5
AngleClass:1
NameArray:0,Mac,4,Arial Italic
NameArray:0,Win,1,Arial
%EndFont

%BeginFont
Handler:DirectoryHandler
FontType:TrueType
FontName:Arial-Black
FamilyName:Arial
StyleName:Black
FullName:Arial Black
MenuName:Arial Black
StyleBits:0
WritingScript:Roman
OutlineFileName:D:\giadungplus\giadungplus-1\assets\Font\ariblk.ttf
DataFormat:sfntData
hasSVG:no
hasCOLR:no
VariableFontType:NonVariableFont
FileLength:167592
FileModTime:1651900758
WeightClass:900
WidthClass:5
AngleClass:0
NameArray:0,Mac,4,Arial Black
NameArray:0,Win,1,Arial Black
NameArray:0,Win,16,Arial
%EndFont

%BeginFont
Handler:DirectoryHandler
FontType:TrueType
FontName:MicrosoftSansSerif
FamilyName:Microsoft Sans Serif
StyleName:Regular
FullName:Microsoft Sans Serif
MenuName:Microsoft Sans Serif
StyleBits:0
WritingScript:Roman
OutlineFileName:D:\giadungplus\giadungplus-1\assets\Font\micross.ttf
DataFormat:sfntData
hasSVG:no
hasCOLR:no
VariableFontType:NonVariableFont
FileLength:888236
FileModTime:1651900764
WeightClass:400
WidthClass:5
AngleClass:0
NameArray:0,Mac,4,Microsoft Sans Serif
NameArray:0,Win,1,Microsoft Sans Serif
%EndFont

